生成启动时间为 2013/9/8 15:21:30。
     1>项目“D:\D\My Document\Visual Studio 2010\Projects\7ifetch\ifetch.vcxproj”在节点 2 上(build 个目标)。
     1>InitializeBuildStatus:
         正在创建“.\Debug\ifetch.unsuccessfulbuild”，因为已指定“AlwaysCreate”。
       ClCompile:
         C:\Program Files\Microsoft Visual Studio 10.0\VC\bin\CL.exe /c /ZI /nologo /W3 /WX- /Od /Oy- /D WIN32 /D _DEBUG /D _CONSOLE /D _VC80_UPGRADE=0x0600 /D _UNICODE /D UNICODE /D _MBCS /D WPCAP /D HAVE_REMOTE /Gm /EHsc /RTC1 /MTd /GS /Gy- /fp:precise /Zc:wchar_t /Zc:forScope /Fo".\Debug\\" /Fd".\Debug\vc100.pdb" /Gd /TP /analyze- /errorReport:prompt ifetch.cpp
         ifetch.cpp
     1>d:\d\my document\visual studio 2010\projects\7ifetch\ifetch.cpp(42): warning C4996: 'scanf': This function or variable may be unsafe. Consider using scanf_s instead. To disable deprecation, use _CRT_SECURE_NO_WARNINGS. See online help for details.
                 c:\program files\microsoft visual studio 10.0\vc\include\stdio.h(304) : 参见“scanf”的声明
     1>d:\d\my document\visual studio 2010\projects\7ifetch\ifetch.cpp(224): warning C4996: 'strcpy': This function or variable may be unsafe. Consider using strcpy_s instead. To disable deprecation, use _CRT_SECURE_NO_WARNINGS. See online help for details.
                 c:\program files\microsoft visual studio 10.0\vc\include\string.h(105) : 参见“strcpy”的声明
       ManifestResourceCompile:
         所有输出均为最新。
       Link:
         C:\Program Files\Microsoft Visual Studio 10.0\VC\bin\link.exe /ERRORREPORT:PROMPT /OUT:".\Debug\ifetch.exe" /INCREMENTAL /NOLOGO odbc32.lib odbccp32.lib kernel32.lib user32.lib gdi32.lib winspool.lib comdlg32.lib advapi32.lib shell32.lib ole32.lib oleaut32.lib uuid.lib odbc32.lib odbccp32.lib kernel32.lib user32.lib gdi32.lib winspool.lib comdlg32.lib advapi32.lib shell32.lib ole32.lib oleaut32.lib uuid.lib odbc32.lib odbccp32.lib wpcap.lib ws2_32.lib /MANIFEST /ManifestFile:".\Debug\ifetch.exe.intermediate.manifest" /MANIFESTUAC:"level='asInvoker' uiAccess='false'" /DEBUG /PDB:"D:\D\My Document\Visual Studio 2010\Projects\7ifetch\Debug\ifetch.pdb" /SUBSYSTEM:CONSOLE /TLBID:1 /DYNAMICBASE /NXCOMPAT /IMPLIB:".\Debug\ifetch.lib" /MACHINE:X86 .\Debug\ifetch.exe.embed.manifest.res
         .\Debug\ifetch.obj
       Manifest:
         C:\Program Files\Microsoft SDKs\Windows\v7.0A\bin\mt.exe /nologo /verbose /out:".\Debug\ifetch.exe.embed.manifest" /manifest .\Debug\ifetch.exe.intermediate.manifest
         所有输出均为最新。
       LinkEmbedManifest:
         所有输出均为最新。
         ifetch.vcxproj -> D:\D\My Document\Visual Studio 2010\Projects\7ifetch\.\Debug\ifetch.exe
       FinalizeBuildStatus:
         正在删除文件“.\Debug\ifetch.unsuccessfulbuild”。
         正在对“.\Debug\ifetch.lastbuildstate”执行 Touch 任务。
     1>已完成生成项目“D:\D\My Document\Visual Studio 2010\Projects\7ifetch\ifetch.vcxproj”(build 个目标)的操作。

生成成功。

已用时间 00:00:04.64
